# JRE version: 7.0_25-b17
# Java VM: Java HotSpot(TM) 64-Bit Server VM (23.25-b01 mixed mode windows-amd64 compressed oops)
Heap
 PSYoungGen      total 65920K, used 64159K [0x00000007d5960000, 0x00000007da350000, 0x0000000800000000)
  eden space 57984K, 100% used [0x00000007d5960000,0x00000007d9200000,0x00000007d9200000)
  from space 7936K, 77% used [0x00000007d9a70000,0x00000007da077d20,0x00000007da230000)
  to   space 8640K, 85% used [0x00000007d9200000,0x00000007d9937d20,0x00000007d9a70000)
 ParOldGen       total 85760K, used 18811K [0x0000000780c00000, 0x0000000785fc0000, 0x00000007d5960000)
  object space 85760K, 21% used [0x0000000780c00000,0x0000000781e5ef40,0x0000000785fc0000)
 PSPermGen       total 70656K, used 31351K [0x000000077ba00000, 0x000000077ff00000, 0x0000000780c00000)
  object space 70656K, 44% used [0x000000077ba00000,0x000000077d89df10,0x000000077ff00000)
GC Heap History (10 events):
Event: 84.759 GC heap after
Heap after GC invocations=54 (full 2):
 PSYoungGen      total 58496K, used 0K [0x00000007d5960000, 0x00000007da240000, 0x0000000800000000)
  eden space 52096K, 0% used [0x00000007d5960000,0x00000007d5960000,0x00000007d8c40000)
  from space 6400K, 0% used [0x00000007d92c0000,0x00000007d92c0000,0x00000007d9900000)
  to   space 6656K, 0% used [0x00000007d8c40000,0x00000007d8c40000,0x00000007d92c0000)
 ParOldGen       total 85760K, used 18811K [0x0000000780c00000, 0x0000000785fc0000, 0x00000007d5960000)
  object space 85760K, 21% used [0x0000000780c00000,0x0000000781e5ef40,0x0000000785fc0000)
 PSPermGen       total 70656K, used 31283K [0x000000077ba00000, 0x000000077ff00000, 0x0000000780c00000)
  object space 70656K, 44% used [0x000000077ba00000,0x000000077d88ce58,0x000000077ff00000)
}
Event: 87.016 GC heap before
{Heap before GC invocations=55 (full 2):
 PSYoungGen      total 58496K, used 52096K [0x00000007d5960000, 0x00000007da240000, 0x0000000800000000)
  eden space 52096K, 100% used [0x00000007d5960000,0x00000007d8c40000,0x00000007d8c40000)
  from space 6400K, 0% used [0x00000007d92c0000,0x00000007d92c0000,0x00000007d9900000)
  to   space 6656K, 0% used [0x00000007d8c40000,0x00000007d8c40000,0x00000007d92c0000)
 ParOldGen       total 85760K, used 18811K [0x0000000780c00000, 0x0000000785fc0000, 0x00000007d5960000)
  object space 85760K, 21% used [0x0000000780c00000,0x0000000781e5ef40,0x0000000785fc0000)
 PSPermGen       total 70656K, used 31298K [0x000000077ba00000, 0x000000077ff00000, 0x0000000780c00000)
  object space 70656K, 44% used [0x000000077ba00000,0x000000077d890bf8,0x000000077ff00000)
Event: 87.018 GC heap after
Heap after GC invocations=55 (full 2):
 PSYoungGen      total 58752K, used 4767K [0x00000007d5960000, 0x00000007d9e20000, 0x0000000800000000)
  eden space 52096K, 0% used [0x00000007d5960000,0x00000007d5960000,0x00000007d8c40000)
  from space 6656K, 71% used [0x00000007d8c40000,0x00000007d90e7d20,0x00000007d92c0000)
  to   space 7168K, 0% used [0x00000007d9720000,0x00000007d9720000,0x00000007d9e20000)
 ParOldGen       total 85760K, used 18811K [0x0000000780c00000, 0x0000000785fc0000, 0x00000007d5960000)
  object space 85760K, 21% used [0x0000000780c00000,0x0000000781e5ef40,0x0000000785fc0000)
 PSPermGen       total 70656K, used 31298K [0x000000077ba00000, 0x000000077ff00000, 0x0000000780c00000)
  object space 70656K, 44% used [0x000000077ba00000,0x000000077d890bf8,0x000000077ff00000)
}
Event: 88.409 GC heap before
{Heap before GC invocations=56 (full 2):
 PSYoungGen      total 58752K, used 56863K [0x00000007d5960000, 0x00000007d9e20000, 0x0000000800000000)
  eden space 52096K, 100% used [0x00000007d5960000,0x00000007d8c40000,0x00000007d8c40000)
  from space 6656K, 71% used [0x00000007d8c40000,0x00000007d90e7d20,0x00000007d92c0000)
  to   space 7168K, 0% used [0x00000007d9720000,0x00000007d9720000,0x00000007d9e20000)
 ParOldGen       total 85760K, used 18811K [0x0000000780c00000, 0x0000000785fc0000, 0x00000007d5960000)
  object space 85760K, 21% used [0x0000000780c00000,0x0000000781e5ef40,0x0000000785fc0000)
 PSPermGen       total 70656K, used 31308K [0x000000077ba00000, 0x000000077ff00000, 0x0000000780c00000)
  object space 70656K, 44% used [0x000000077ba00000,0x000000077d893380,0x000000077ff00000)
Event: 88.412 GC heap after
Heap after GC invocations=56 (full 2):
 PSYoungGen      total 62720K, used 5215K [0x00000007d5960000, 0x00000007d9ea0000, 0x0000000800000000)
  eden space 55552K, 0% used [0x00000007d5960000,0x00000007d5960000,0x00000007d8fa0000)
  from space 7168K, 72% used [0x00000007d9720000,0x00000007d9c37d20,0x00000007d9e20000)
  to   space 7680K, 0% used [0x00000007d8fa0000,0x00000007d8fa0000,0x00000007d9720000)
 ParOldGen       total 85760K, used 18811K [0x0000000780c00000, 0x0000000785fc0000, 0x00000007d5960000)
  object space 85760K, 21% used [0x0000000780c00000,0x0000000781e5ef40,0x0000000785fc0000)
 PSPermGen       total 70656K, used 31308K [0x000000077ba00000, 0x000000077ff00000, 0x0000000780c00000)
  object space 70656K, 44% used [0x000000077ba00000,0x000000077d893380,0x000000077ff00000)
}
Event: 91.013 GC heap before
{Heap before GC invocations=57 (full 2):
 PSYoungGen      total 62720K, used 60767K [0x00000007d5960000, 0x00000007d9ea0000, 0x0000000800000000)
  eden space 55552K, 100% used [0x00000007d5960000,0x00000007d8fa0000,0x00000007d8fa0000)
  from space 7168K, 72% used [0x00000007d9720000,0x00000007d9c37d20,0x00000007d9e20000)
  to   space 7680K, 0% used [0x00000007d8fa0000,0x00000007d8fa0000,0x00000007d9720000)
 ParOldGen       total 85760K, used 18811K [0x0000000780c00000, 0x0000000785fc0000, 0x00000007d5960000)
  object space 85760K, 21% used [0x0000000780c00000,0x0000000781e5ef40,0x0000000785fc0000)
 PSPermGen       total 70656K, used 31324K [0x000000077ba00000, 0x000000077ff00000, 0x0000000780c00000)
  object space 70656K, 44% used [0x000000077ba00000,0x000000077d897230,0x000000077ff00000)
Event: 91.015 GC heap after
Heap after GC invocations=57 (full 2):
 PSYoungGen      total 63232K, used 4831K [0x00000007d5960000, 0x00000007da230000, 0x0000000800000000)
  eden space 55552K, 0% used [0x00000007d5960000,0x00000007d5960000,0x00000007d8fa0000)
  from space 7680K, 62% used [0x00000007d8fa0000,0x00000007d9457d20,0x00000007d9720000)
  to   space 7936K, 0% used [0x00000007d9a70000,0x00000007d9a70000,0x00000007da230000)
 ParOldGen       total 85760K, used 18811K [0x0000000780c00000, 0x0000000785fc0000, 0x00000007d5960000)
  object space 85760K, 21% used [0x0000000780c00000,0x0000000781e5ef40,0x0000000785fc0000)
 PSPermGen       total 70656K, used 31324K [0x000000077ba00000, 0x000000077ff00000, 0x0000000780c00000)
  object space 70656K, 44% used [0x000000077ba00000,0x000000077d897230,0x000000077ff00000)
}
Event: 96.908 GC heap before
{Heap before GC invocations=58 (full 2):
 PSYoungGen      total 63232K, used 60383K [0x00000007d5960000, 0x00000007da230000, 0x0000000800000000)
  eden space 55552K, 100% used [0x00000007d5960000,0x00000007d8fa0000,0x00000007d8fa0000)
  from space 7680K, 62% used [0x00000007d8fa0000,0x00000007d9457d20,0x00000007d9720000)
  to   space 7936K, 0% used [0x00000007d9a70000,0x00000007d9a70000,0x00000007da230000)
 ParOldGen       total 85760K, used 18811K [0x0000000780c00000, 0x0000000785fc0000, 0x00000007d5960000)
  object space 85760K, 21% used [0x0000000780c00000,0x0000000781e5ef40,0x0000000785fc0000)
 PSPermGen       total 70656K, used 31335K [0x000000077ba00000, 0x000000077ff00000, 0x0000000780c00000)
  object space 70656K, 44% used [0x000000077ba00000,0x000000077d899f28,0x000000077ff00000)
Event: 96.922 GC heap after
Heap after GC invocations=58 (full 2):
 PSYoungGen      total 65920K, used 6175K [0x00000007d5960000, 0x00000007da350000, 0x0000000800000000)
  eden space 57984K, 0% used [0x00000007d5960000,0x00000007d5960000,0x00000007d9200000)
  from space 7936K, 77% used [0x00000007d9a70000,0x00000007da077d20,0x00000007da230000)
  to   space 8640K, 0% used [0x00000007d9200000,0x00000007d9200000,0x00000007d9a70000)
 ParOldGen       total 85760K, used 18811K [0x0000000780c00000, 0x0000000785fc0000, 0x00000007d5960000)
  object space 85760K, 21% used [0x0000000780c00000,0x0000000781e5ef40,0x0000000785fc0000)
 PSPermGen       total 70656K, used 31335K [0x000000077ba00000, 0x000000077ff00000, 0x0000000780c00000)
  object space 70656K, 44% used [0x000000077ba00000,0x000000077d899f28,0x000000077ff00000)
}
Event: 102.045 GC heap before
{Heap before GC invocations=59 (full 2):
 PSYoungGen      total 65920K, used 64159K [0x00000007d5960000, 0x00000007da350000, 0x0000000800000000)
  eden space 57984K, 100% used [0x00000007d5960000,0x00000007d9200000,0x00000007d9200000)
  from space 7936K, 77% used [0x00000007d9a70000,0x00000007da077d20,0x00000007da230000)
  to   space 8640K, 0% used [0x00000007d9200000,0x00000007d9200000,0x00000007d9a70000)
 ParOldGen       total 85760K, used 18811K [0x0000000780c00000, 0x0000000785fc0000, 0x00000007d5960000)
  object space 85760K, 21% used [0x0000000780c00000,0x0000000781e5ef40,0x0000000785fc0000)
 PSPermGen       total 70656K, used 31351K [0x000000077ba00000, 0x000000077ff00000, 0x0000000780c00000)
  object space 70656K, 44% used [0x000000077ba00000,0x000000077d89df10,0x000000077ff00000)

